<?xml version="1.0" encoding="UTF-8"?>
<!-- Generated by org.testng.reporters.JUnitReportReporter -->
<testsuite hostname="DESKTOP-FSMB7B1" failures="0" tests="10" name="Hybrid.logincrm" time="47.365" errors="0" timestamp="20 May 2022 11:26:15 GMT" skipped="0">
  <testcase classname="Hybrid.logincrm" name="loginApp" time="4.806"/>
  <testcase classname="Hybrid.logincrm" name="signupapp" time="7.051"/>
  <testcase classname="Hybrid.logincrm" name="searchupapp" time="8.987"/>
  <testcase classname="Hybrid.logincrm" name="Bedapp" time="7.048"/>
  <testcase classname="Hybrid.logincrm" name="Bedappcart" time="4.713"/>
  <testcase classname="Hybrid.logincrm" name="assertions" time="2.678"/>
  <testcase classname="Hybrid.logincrm" name="tvappcart" time="1.868"/>
  <testcase classname="Hybrid.logincrm" name="studyapp" time="9.249"/>
  <testcase classname="Hybrid.logincrm" name="aboutapp" time="0.580"/>
  <testcase classname="Hybrid.logincrm" name="infoapp" time="0.385"/>
</testsuite> <!-- Hybrid.logincrm -->
